2020-01-24 18:02:47.498  INFO 10196 --- [http-nio-8080-exec-9] c.g.poc.service.HotdealEventServiceImpl  : >>>>>>> [dup] key=20011000: : true
2020-01-24 18:06:41.266  INFO 10196 --- [http-nio-8080-exec-1] c.g.p.controller.HotdealEventController  : ModelAndView [view="index"; model={msg=total: 55}]
2020-01-24 18:06:48.680  INFO 10196 --- [http-nio-8080-exec-2] c.g.p.controller.HotdealEventController  : ModelAndView [view="index"; model={msg=total: 55}]
2020-01-24 18:06:50.133  INFO 10196 --- [http-nio-8080-exec-7] c.g.p.controller.HotdealEventController  : ModelAndView [view="index"; model={msg=total: 55}]
2020-01-24 18:06:50.959  INFO 10196 --- [http-nio-8080-exec-2] c.g.p.controller.HotdealEventController  : ModelAndView [view="index"; model={msg=total: 55}]
2020-01-24 18:07:19.307  INFO 10196 --- [http-nio-8080-exec-7] c.g.poc.controller.CassandraController   : >>>>>>> [test] Customer{01012345678 eventId=20010900
2020-01-24 18:12:55.507  INFO 10196 --- [http-nio-8080-exec-1] c.g.p.controller.HotdealEventController  : ModelAndView [view="index"; model={msg=total: 55}]
2020-01-24 18:13:07.939  INFO 10196 --- [http-nio-8080-exec-5] c.g.poc.controller.CassandraController   : >>>>>>> [test] Customer{01012345678 eventId=20010900
2020-01-24 18:13:49.083  INFO 10196 --- [RMI TCP Connection(4)-127.0.0.1] inMXBeanRegistrar$SpringApplicationAdmin : Application shutdown requested.
2020-01-24 18:13:49.091  INFO 10196 --- [org.springframework.kafka.KafkaListenerEndpointContainer#0-0-C-1] o.a.k.c.c.internals.AbstractCoordinator  : [Consumer clientId=consumer-1, groupId=group_id] Member consumer-1-43b521f4-0cca-4c98-8c4e-60e26076ae32 sending LeaveGroup request to coordinator DESKTOP-8EQSHKC:9092 (id: 2147483647 rack: null)
2020-01-24 18:13:49.093  INFO 10196 --- [org.springframework.kafka.KafkaListenerEndpointContainer#0-0-C-1] o.a.k.clients.consumer.KafkaConsumer     : [Consumer clientId=consumer-1, groupId=group_id] Unsubscribed all topics or patterns and assigned partitions
2020-01-24 18:13:49.093  INFO 10196 --- [org.springframework.kafka.KafkaListenerEndpointContainer#0-0-C-1] o.s.s.c.ThreadPoolTaskScheduler          : Shutting down ExecutorService
2020-01-24 18:13:49.103  INFO 10196 --- [org.springframework.kafka.KafkaListenerEndpointContainer#0-0-C-1] essageListenerContainer$ListenerConsumer : group_id: Consumer stopped
2020-01-24 18:13:49.113  INFO 10196 --- [RMI TCP Connection(4)-127.0.0.1] o.s.s.concurrent.ThreadPoolTaskExecutor  : Shutting down ExecutorService 'applicationTaskExecutor'
2020-01-24 18:13:58.890  INFO 5564 --- [main] com.garage.poc.HotdealeventApplication   : Starting HotdealeventApplication on DESKTOP-8EQSHKC with PID 5564 (D:\workspace-sts\hotdealevent\target\classes started by admin in D:\workspace-sts\hotdealevent)
2020-01-24 18:13:58.892  INFO 5564 --- [main] com.garage.poc.HotdealeventApplication   : The following profiles are active: local
2020-01-24 18:13:59.269  INFO 5564 --- [main] .s.d.r.c.RepositoryConfigurationDelegate : Multiple Spring Data modules found, entering strict repository configuration mode!
2020-01-24 18:13:59.270  INFO 5564 --- [main] .s.d.r.c.RepositoryConfigurationDelegate : Bootstrapping Spring Data Redis repositories in DEFAULT mode.
2020-01-24 18:13:59.284  INFO 5564 --- [main] .s.d.r.c.RepositoryConfigurationDelegate : Finished Spring Data repository scanning in 4ms. Found 0 Redis repository interfaces.
2020-01-24 18:13:59.385  INFO 5564 --- [main] .s.d.r.c.RepositoryConfigurationDelegate : Multiple Spring Data modules found, entering strict repository configuration mode!
2020-01-24 18:13:59.386  INFO 5564 --- [main] .s.d.r.c.RepositoryConfigurationDelegate : Bootstrapping Spring Data Reactive Cassandra repositories in DEFAULT mode.
2020-01-24 18:13:59.425  INFO 5564 --- [main] .RepositoryConfigurationExtensionSupport : Spring Data Reactive Cassandra - Could not safely identify store assignment for repository candidate interface com.garage.poc.redis.repository.CustomerRedisRepository. If you want this repository to be a Reactive Cassandra repository, consider annotating your entities with one of these annotations: org.springframework.data.cassandra.core.mapping.Table (preferred), or consider extending one of the following types with your repository: org.springframework.data.cassandra.repository.ReactiveCassandraRepository.
2020-01-24 18:13:59.425  INFO 5564 --- [main] .s.d.r.c.RepositoryConfigurationDelegate : Finished Spring Data repository scanning in 39ms. Found 0 Reactive Cassandra repository interfaces.
2020-01-24 18:13:59.428  INFO 5564 --- [main] .s.d.r.c.RepositoryConfigurationDelegate : Multiple Spring Data modules found, entering strict repository configuration mode!
2020-01-24 18:13:59.428  INFO 5564 --- [main] .s.d.r.c.RepositoryConfigurationDelegate : Bootstrapping Spring Data Cassandra repositories in DEFAULT mode.
2020-01-24 18:13:59.434  INFO 5564 --- [main] .RepositoryConfigurationExtensionSupport : Spring Data Cassandra - Could not safely identify store assignment for repository candidate interface com.garage.poc.redis.repository.CustomerRedisRepository. If you want this repository to be a Cassandra repository, consider annotating your entities with one of these annotations: org.springframework.data.cassandra.core.mapping.Table (preferred), or consider extending one of the following types with your repository: org.springframework.data.cassandra.repository.CassandraRepository.
2020-01-24 18:13:59.447  INFO 5564 --- [main] .s.d.r.c.RepositoryConfigurationDelegate : Finished Spring Data repository scanning in 18ms. Found 1 Cassandra repository interfaces.
2020-01-24 18:13:59.452  INFO 5564 --- [main] .s.d.r.c.RepositoryConfigurationDelegate : Multiple Spring Data modules found, entering strict repository configuration mode!
2020-01-24 18:13:59.452  INFO 5564 --- [main] .s.d.r.c.RepositoryConfigurationDelegate : Bootstrapping Spring Data Redis repositories in DEFAULT mode.
2020-01-24 18:13:59.457  INFO 5564 --- [main] .RepositoryConfigurationExtensionSupport : Spring Data Redis - Could not safely identify store assignment for repository candidate interface com.garage.poc.cassandra.repository.CustomerCassandraRepository. If you want this repository to be a Redis repository, consider annotating your entities with one of these annotations: org.springframework.data.redis.core.RedisHash (preferred), or consider extending one of the following types with your repository: org.springframework.data.keyvalue.repository.KeyValueRepository.
2020-01-24 18:13:59.462  INFO 5564 --- [main] .s.d.r.c.RepositoryConfigurationDelegate : Finished Spring Data repository scanning in 9ms. Found 1 Redis repository interfaces.
2020-01-24 18:13:59.806  INFO 5564 --- [main] o.s.b.w.embedded.tomcat.TomcatWebServer  : Tomcat initialized with port(s): 8080 (http)
2020-01-24 18:13:59.812  INFO 5564 --- [main] o.apache.catalina.core.StandardService   : Starting service [Tomcat]
2020-01-24 18:13:59.813  INFO 5564 --- [main] org.apache.catalina.core.StandardEngine  : Starting Servlet engine: [Apache Tomcat/9.0.29]
2020-01-24 18:13:59.893  INFO 5564 --- [main] o.a.c.c.C.[Tomcat].[localhost].[/]       : Initializing Spring embedded WebApplicationContext
2020-01-24 18:13:59.893  INFO 5564 --- [main] o.s.web.context.ContextLoader            : Root WebApplicationContext: initialization completed in 966 ms
2020-01-24 18:13:59.958  INFO 5564 --- [main] com.datastax.driver.core                 : DataStax Java driver 3.7.2 for Apache Cassandra
2020-01-24 18:13:59.963  INFO 5564 --- [main] c.d.driver.core.GuavaCompatibility       : Detected Guava >= 19 in the classpath, using modern compatibility layer
2020-01-24 18:14:00.062  INFO 5564 --- [main] com.datastax.driver.core.Native          : Could not load JNR C Library, native system calls through this library will not be available (set this logger level to DEBUG to see the full stack trace).
2020-01-24 18:14:00.062  INFO 5564 --- [main] com.datastax.driver.core.ClockFactory    : Using java.lang.System clock to generate timestamps.
2020-01-24 18:14:00.322  INFO 5564 --- [main] com.datastax.driver.core.NettyUtil       : Did not find Netty's native epoll transport in the classpath, defaulting to NIO.
2020-01-24 18:14:01.825  WARN 5564 --- [main] com.datastax.driver.core.Cluster         : You listed localhost/0:0:0:0:0:0:0:1:9042 in your contact points, but it wasn't found in the control host's system.peers at startup
2020-01-24 18:14:01.901  WARN 5564 --- [main] licationStrategy$NetworkTopologyStrategy : Error while computing token map for keyspace demodb with datacenter datacenter1: could not achieve replication factor 3 (found 1 replicas only), check your keyspace replication settings.
2020-01-24 18:14:01.902  INFO 5564 --- [main] c.d.d.c.p.DCAwareRoundRobinPolicy        : Using data-center name 'datacenter1' for DCAwareRoundRobinPolicy (if this is incorrect, please provide the correct datacenter name with DCAwareRoundRobinPolicy constructor)
2020-01-24 18:14:01.904  INFO 5564 --- [main] com.datastax.driver.core.Cluster         : New Cassandra host localhost/127.0.0.1:9042 added
2020-01-24 18:14:02.273  INFO 5564 --- [main] o.s.s.concurrent.ThreadPoolTaskExecutor  : Initializing ExecutorService 'applicationTaskExecutor'
2020-01-24 18:14:02.321  INFO 5564 --- [main] o.s.b.a.w.s.WelcomePageHandlerMapping    : Adding welcome page template: index
2020-01-24 18:14:02.494  INFO 5564 --- [main] o.a.k.clients.admin.AdminClientConfig    : AdminClientConfig values: 
	bootstrap.servers = [localhost:9092]
	client.dns.lookup = default
	client.id = 
	connections.max.idle.ms = 300000
	metadata.max.age.ms = 300000
	metric.reporters = []
	metrics.num.samples = 2
	metrics.recording.level = INFO
	metrics.sample.window.ms = 30000
	receive.buffer.bytes = 65536
	reconnect.backoff.max.ms = 1000
	reconnect.backoff.ms = 50
	request.timeout.ms = 120000
	retries = 5
	retry.backoff.ms = 100
	sasl.client.callback.handler.class = null
	sasl.jaas.config = null
	sasl.kerberos.kinit.cmd = /usr/bin/kinit
	sasl.kerberos.min.time.before.relogin = 60000
	sasl.kerberos.service.name = null
	sasl.kerberos.ticket.renew.jitter = 0.05
	sasl.kerberos.ticket.renew.window.factor = 0.8
	sasl.login.callback.handler.class = null
	sasl.login.class = null
	sasl.login.refresh.buffer.seconds = 300
	sasl.login.refresh.min.period.seconds = 60
	sasl.login.refresh.window.factor = 0.8
	sasl.login.refresh.window.jitter = 0.05
	sasl.mechanism = GSSAPI
	security.protocol = PLAINTEXT
	send.buffer.bytes = 131072
	ssl.cipher.suites = null
	ssl.enabled.protocols = [TLSv1.2, TLSv1.1, TLSv1]
	ssl.endpoint.identification.algorithm = https
	ssl.key.password = null
	ssl.keymanager.algorithm = SunX509
	ssl.keystore.location = null
	ssl.keystore.password = null
	ssl.keystore.type = JKS
	ssl.protocol = TLS
	ssl.provider = null
	ssl.secure.random.implementation = null
	ssl.trustmanager.algorithm = PKIX
	ssl.truststore.location = null
	ssl.truststore.password = null
	ssl.truststore.type = JKS

2020-01-24 18:14:02.528  INFO 5564 --- [main] o.a.kafka.common.utils.AppInfoParser     : Kafka version: 2.3.1
2020-01-24 18:14:02.528  INFO 5564 --- [main] o.a.kafka.common.utils.AppInfoParser     : Kafka commitId: 18a913733fb71c01
2020-01-24 18:14:02.528  INFO 5564 --- [main] o.a.kafka.common.utils.AppInfoParser     : Kafka startTimeMs: 1579857242527
2020-01-24 18:14:02.692  INFO 5564 --- [main] o.a.k.clients.consumer.ConsumerConfig    : ConsumerConfig values: 
	allow.auto.create.topics = true
	auto.commit.interval.ms = 5000
	auto.offset.reset = earliest
	bootstrap.servers = [localhost:9092]
	check.crcs = true
	client.dns.lookup = default
	client.id = 
	client.rack = 
	connections.max.idle.ms = 540000
	default.api.timeout.ms = 60000
	enable.auto.commit = false
	exclude.internal.topics = true
	fetch.max.bytes = 52428800
	fetch.max.wait.ms = 500
	fetch.min.bytes = 1
	group.id = group_id
	group.instance.id = null
	heartbeat.interval.ms = 3000
	interceptor.classes = []
	internal.leave.group.on.close = true
	isolation.level = read_uncommitted
	key.deserializer = class org.apache.kafka.common.serialization.StringDeserializer
	max.partition.fetch.bytes = 1048576
	max.poll.interval.ms = 300000
	max.poll.records = 500
	metadata.max.age.ms = 300000
	metric.reporters = []
	metrics.num.samples = 2
	metrics.recording.level = INFO
	metrics.sample.window.ms = 30000
	partition.assignment.strategy = [class org.apache.kafka.clients.consumer.RangeAssignor]
	receive.buffer.bytes = 65536
	reconnect.backoff.max.ms = 1000
	reconnect.backoff.ms = 50
	request.timeout.ms = 30000
	retry.backoff.ms = 100
	sasl.client.callback.handler.class = null
	sasl.jaas.config = null
	sasl.kerberos.kinit.cmd = /usr/bin/kinit
	sasl.kerberos.min.time.before.relogin = 60000
	sasl.kerberos.service.name = null
	sasl.kerberos.ticket.renew.jitter = 0.05
	sasl.kerberos.ticket.renew.window.factor = 0.8
	sasl.login.callback.handler.class = null
	sasl.login.class = null
	sasl.login.refresh.buffer.seconds = 300
	sasl.login.refresh.min.period.seconds = 60
	sasl.login.refresh.window.factor = 0.8
	sasl.login.refresh.window.jitter = 0.05
	sasl.mechanism = GSSAPI
	security.protocol = PLAINTEXT
	send.buffer.bytes = 131072
	session.timeout.ms = 10000
	ssl.cipher.suites = null
	ssl.enabled.protocols = [TLSv1.2, TLSv1.1, TLSv1]
	ssl.endpoint.identification.algorithm = https
	ssl.key.password = null
	ssl.keymanager.algorithm = SunX509
	ssl.keystore.location = null
	ssl.keystore.password = null
	ssl.keystore.type = JKS
	ssl.protocol = TLS
	ssl.provider = null
	ssl.secure.random.implementation = null
	ssl.trustmanager.algorithm = PKIX
	ssl.truststore.location = null
	ssl.truststore.password = null
	ssl.truststore.type = JKS
	value.deserializer = class org.springframework.kafka.support.serializer.JsonDeserializer

2020-01-24 18:14:02.716  INFO 5564 --- [main] o.a.kafka.common.utils.AppInfoParser     : Kafka version: 2.3.1
2020-01-24 18:14:02.716  INFO 5564 --- [main] o.a.kafka.common.utils.AppInfoParser     : Kafka commitId: 18a913733fb71c01
2020-01-24 18:14:02.716  INFO 5564 --- [main] o.a.kafka.common.utils.AppInfoParser     : Kafka startTimeMs: 1579857242716
2020-01-24 18:14:02.717  INFO 5564 --- [main] o.a.k.clients.consumer.KafkaConsumer     : [Consumer clientId=consumer-1, groupId=group_id] Subscribed to topic(s): hotdeal
2020-01-24 18:14:02.719  INFO 5564 --- [main] o.s.s.c.ThreadPoolTaskScheduler          : Initializing ExecutorService
2020-01-24 18:14:02.738  INFO 5564 --- [org.springframework.kafka.KafkaListenerEndpointContainer#0-0-C-1] org.apache.kafka.clients.Metadata        : [Consumer clientId=consumer-1, groupId=group_id] Cluster ID: 0D8vRnHtRKK8aPPRyO5Ysg
2020-01-24 18:14:02.739  INFO 5564 --- [org.springframework.kafka.KafkaListenerEndpointContainer#0-0-C-1] o.a.k.c.c.internals.AbstractCoordinator  : [Consumer clientId=consumer-1, groupId=group_id] Discovered group coordinator DESKTOP-8EQSHKC:9092 (id: 2147483647 rack: null)
2020-01-24 18:14:02.742  INFO 5564 --- [org.springframework.kafka.KafkaListenerEndpointContainer#0-0-C-1] o.a.k.c.c.internals.ConsumerCoordinator  : [Consumer clientId=consumer-1, groupId=group_id] Revoking previously assigned partitions []
2020-01-24 18:14:02.743  INFO 5564 --- [org.springframework.kafka.KafkaListenerEndpointContainer#0-0-C-1] o.s.k.l.KafkaMessageListenerContainer    : group_id: partitions revoked: []
2020-01-24 18:14:02.743  INFO 5564 --- [org.springframework.kafka.KafkaListenerEndpointContainer#0-0-C-1] o.a.k.c.c.internals.AbstractCoordinator  : [Consumer clientId=consumer-1, groupId=group_id] (Re-)joining group
2020-01-24 18:14:02.745  INFO 5564 --- [main] o.s.b.w.embedded.tomcat.TomcatWebServer  : Tomcat started on port(s): 8080 (http) with context path ''
2020-01-24 18:14:02.747  INFO 5564 --- [main] com.garage.poc.HotdealeventApplication   : Started HotdealeventApplication in 4.198 seconds (JVM running for 5.456)
2020-01-24 18:14:02.753  INFO 5564 --- [org.springframework.kafka.KafkaListenerEndpointContainer#0-0-C-1] o.a.k.c.c.internals.AbstractCoordinator  : [Consumer clientId=consumer-1, groupId=group_id] (Re-)joining group
2020-01-24 18:14:02.763  INFO 5564 --- [org.springframework.kafka.KafkaListenerEndpointContainer#0-0-C-1] o.a.k.c.c.internals.AbstractCoordinator  : [Consumer clientId=consumer-1, groupId=group_id] Successfully joined group with generation 21
2020-01-24 18:14:02.768  INFO 5564 --- [org.springframework.kafka.KafkaListenerEndpointContainer#0-0-C-1] o.a.k.c.c.internals.ConsumerCoordinator  : [Consumer clientId=consumer-1, groupId=group_id] Setting newly assigned partitions: hotdeal-0
2020-01-24 18:14:02.777  INFO 5564 --- [org.springframework.kafka.KafkaListenerEndpointContainer#0-0-C-1] o.a.k.c.c.internals.ConsumerCoordinator  : [Consumer clientId=consumer-1, groupId=group_id] Setting offset for partition hotdeal-0 to the committed offset FetchPosition{offset=0, offsetEpoch=Optional.empty, currentLeader=LeaderAndEpoch{leader=DESKTOP-8EQSHKC:9092 (id: 0 rack: null), epoch=0}}
2020-01-24 18:14:02.784  INFO 5564 --- [org.springframework.kafka.KafkaListenerEndpointContainer#0-0-C-1] o.s.k.l.KafkaMessageListenerContainer    : group_id: partitions assigned: [hotdeal-0]
2020-01-24 18:14:12.431  INFO 5564 --- [http-nio-8080-exec-1] o.a.c.c.C.[Tomcat].[localhost].[/]       : Initializing Spring DispatcherServlet 'dispatcherServlet'
2020-01-24 18:14:12.432  INFO 5564 --- [http-nio-8080-exec-1] o.s.web.servlet.DispatcherServlet        : Initializing Servlet 'dispatcherServlet'
2020-01-24 18:14:12.436  INFO 5564 --- [http-nio-8080-exec-1] o.s.web.servlet.DispatcherServlet        : Completed initialization in 4 ms
2020-01-24 18:14:12.463  INFO 5564 --- [http-nio-8080-exec-1] c.g.p.controller.HotdealEventController  : ModelAndView [view="index"; model={msg=total: 55}]
2020-01-24 18:16:05.773  INFO 5564 --- [RMI TCP Connection(4)-127.0.0.1] inMXBeanRegistrar$SpringApplicationAdmin : Application shutdown requested.
2020-01-24 18:16:05.778  INFO 5564 --- [org.springframework.kafka.KafkaListenerEndpointContainer#0-0-C-1] o.a.k.c.c.internals.AbstractCoordinator  : [Consumer clientId=consumer-1, groupId=group_id] Member consumer-1-e430f251-8716-4273-8637-3a7f5409f0df sending LeaveGroup request to coordinator DESKTOP-8EQSHKC:9092 (id: 2147483647 rack: null)
2020-01-24 18:16:05.779  INFO 5564 --- [org.springframework.kafka.KafkaListenerEndpointContainer#0-0-C-1] o.a.k.clients.consumer.KafkaConsumer     : [Consumer clientId=consumer-1, groupId=group_id] Unsubscribed all topics or patterns and assigned partitions
2020-01-24 18:16:05.779  INFO 5564 --- [org.springframework.kafka.KafkaListenerEndpointContainer#0-0-C-1] o.s.s.c.ThreadPoolTaskScheduler          : Shutting down ExecutorService
2020-01-24 18:16:05.789  INFO 5564 --- [org.springframework.kafka.KafkaListenerEndpointContainer#0-0-C-1] essageListenerContainer$ListenerConsumer : group_id: Consumer stopped
2020-01-24 18:16:05.800  INFO 5564 --- [RMI TCP Connection(4)-127.0.0.1] o.s.s.concurrent.ThreadPoolTaskExecutor  : Shutting down ExecutorService 'applicationTaskExecutor'
2020-01-24 18:16:14.759  INFO 17024 --- [main] com.garage.poc.HotdealeventApplication   : Starting HotdealeventApplication on DESKTOP-8EQSHKC with PID 17024 (D:\workspace-sts\hotdealevent\target\classes started by admin in D:\workspace-sts\hotdealevent)
2020-01-24 18:16:14.761  INFO 17024 --- [main] com.garage.poc.HotdealeventApplication   : The following profiles are active: local
2020-01-24 18:16:15.120  INFO 17024 --- [main] .s.d.r.c.RepositoryConfigurationDelegate : Multiple Spring Data modules found, entering strict repository configuration mode!
2020-01-24 18:16:15.121  INFO 17024 --- [main] .s.d.r.c.RepositoryConfigurationDelegate : Bootstrapping Spring Data Redis repositories in DEFAULT mode.
2020-01-24 18:16:15.140  INFO 17024 --- [main] .s.d.r.c.RepositoryConfigurationDelegate : Finished Spring Data repository scanning in 4ms. Found 0 Redis repository interfaces.
2020-01-24 18:16:15.260  INFO 17024 --- [main] .s.d.r.c.RepositoryConfigurationDelegate : Multiple Spring Data modules found, entering strict repository configuration mode!
2020-01-24 18:16:15.260  INFO 17024 --- [main] .s.d.r.c.RepositoryConfigurationDelegate : Bootstrapping Spring Data Reactive Cassandra repositories in DEFAULT mode.
2020-01-24 18:16:15.299  INFO 17024 --- [main] .RepositoryConfigurationExtensionSupport : Spring Data Reactive Cassandra - Could not safely identify store assignment for repository candidate interface com.garage.poc.redis.repository.CustomerRedisRepository. If you want this repository to be a Reactive Cassandra repository, consider annotating your entities with one of these annotations: org.springframework.data.cassandra.core.mapping.Table (preferred), or consider extending one of the following types with your repository: org.springframework.data.cassandra.repository.ReactiveCassandraRepository.
2020-01-24 18:16:15.299  INFO 17024 --- [main] .s.d.r.c.RepositoryConfigurationDelegate : Finished Spring Data repository scanning in 38ms. Found 0 Reactive Cassandra repository interfaces.
2020-01-24 18:16:15.302  INFO 17024 --- [main] .s.d.r.c.RepositoryConfigurationDelegate : Multiple Spring Data modules found, entering strict repository configuration mode!
2020-01-24 18:16:15.302  INFO 17024 --- [main] .s.d.r.c.RepositoryConfigurationDelegate : Bootstrapping Spring Data Cassandra repositories in DEFAULT mode.
2020-01-24 18:16:15.308  INFO 17024 --- [main] .RepositoryConfigurationExtensionSupport : Spring Data Cassandra - Could not safely identify store assignment for repository candidate interface com.garage.poc.redis.repository.CustomerRedisRepository. If you want this repository to be a Cassandra repository, consider annotating your entities with one of these annotations: org.springframework.data.cassandra.core.mapping.Table (preferred), or consider extending one of the following types with your repository: org.springframework.data.cassandra.repository.CassandraRepository.
2020-01-24 18:16:15.325  INFO 17024 --- [main] .s.d.r.c.RepositoryConfigurationDelegate : Finished Spring Data repository scanning in 22ms. Found 1 Cassandra repository interfaces.
2020-01-24 18:16:15.334  INFO 17024 --- [main] .s.d.r.c.RepositoryConfigurationDelegate : Multiple Spring Data modules found, entering strict repository configuration mode!
2020-01-24 18:16:15.334  INFO 17024 --- [main] .s.d.r.c.RepositoryConfigurationDelegate : Bootstrapping Spring Data Redis repositories in DEFAULT mode.
2020-01-24 18:16:15.339  INFO 17024 --- [main] .RepositoryConfigurationExtensionSupport : Spring Data Redis - Could not safely identify store assignment for repository candidate interface com.garage.poc.cassandra.repository.CustomerCassandraRepository. If you want this repository to be a Redis repository, consider annotating your entities with one of these annotations: org.springframework.data.redis.core.RedisHash (preferred), or consider extending one of the following types with your repository: org.springframework.data.keyvalue.repository.KeyValueRepository.
2020-01-24 18:16:15.348  INFO 17024 --- [main] .s.d.r.c.RepositoryConfigurationDelegate : Finished Spring Data repository scanning in 14ms. Found 1 Redis repository interfaces.
2020-01-24 18:16:15.715  INFO 17024 --- [main] o.s.b.w.embedded.tomcat.TomcatWebServer  : Tomcat initialized with port(s): 8080 (http)
2020-01-24 18:16:15.721  INFO 17024 --- [main] o.apache.catalina.core.StandardService   : Starting service [Tomcat]
2020-01-24 18:16:15.721  INFO 17024 --- [main] org.apache.catalina.core.StandardEngine  : Starting Servlet engine: [Apache Tomcat/9.0.29]
2020-01-24 18:16:15.796  INFO 17024 --- [main] o.a.c.c.C.[Tomcat].[localhost].[/]       : Initializing Spring embedded WebApplicationContext
2020-01-24 18:16:15.797  INFO 17024 --- [main] o.s.web.context.ContextLoader            : Root WebApplicationContext: initialization completed in 1004 ms
2020-01-24 18:16:15.878  INFO 17024 --- [main] com.datastax.driver.core                 : DataStax Java driver 3.7.2 for Apache Cassandra
2020-01-24 18:16:15.884  INFO 17024 --- [main] c.d.driver.core.GuavaCompatibility       : Detected Guava >= 19 in the classpath, using modern compatibility layer
2020-01-24 18:16:15.991  INFO 17024 --- [main] com.datastax.driver.core.Native          : Could not load JNR C Library, native system calls through this library will not be available (set this logger level to DEBUG to see the full stack trace).
2020-01-24 18:16:15.991  INFO 17024 --- [main] com.datastax.driver.core.ClockFactory    : Using java.lang.System clock to generate timestamps.
2020-01-24 18:16:16.254  INFO 17024 --- [main] com.datastax.driver.core.NettyUtil       : Did not find Netty's native epoll transport in the classpath, defaulting to NIO.
2020-01-24 18:16:17.881  WARN 17024 --- [main] com.datastax.driver.core.Cluster         : You listed localhost/0:0:0:0:0:0:0:1:9042 in your contact points, but it wasn't found in the control host's system.peers at startup
2020-01-24 18:16:17.958  WARN 17024 --- [main] licationStrategy$NetworkTopologyStrategy : Error while computing token map for keyspace demodb with datacenter datacenter1: could not achieve replication factor 3 (found 1 replicas only), check your keyspace replication settings.
2020-01-24 18:16:17.962  INFO 17024 --- [main] c.d.d.c.p.DCAwareRoundRobinPolicy        : Using data-center name 'datacenter1' for DCAwareRoundRobinPolicy (if this is incorrect, please provide the correct datacenter name with DCAwareRoundRobinPolicy constructor)
2020-01-24 18:16:17.965  INFO 17024 --- [main] com.datastax.driver.core.Cluster         : New Cassandra host localhost/127.0.0.1:9042 added
2020-01-24 18:16:18.390  INFO 17024 --- [main] o.s.s.concurrent.ThreadPoolTaskExecutor  : Initializing ExecutorService 'applicationTaskExecutor'
2020-01-24 18:16:18.441  INFO 17024 --- [main] o.s.b.a.w.s.WelcomePageHandlerMapping    : Adding welcome page template: index
2020-01-24 18:16:18.613  INFO 17024 --- [main] o.a.k.clients.admin.AdminClientConfig    : AdminClientConfig values: 
	bootstrap.servers = [localhost:9092]
	client.dns.lookup = default
	client.id = 
	connections.max.idle.ms = 300000
	metadata.max.age.ms = 300000
	metric.reporters = []
	metrics.num.samples = 2
	metrics.recording.level = INFO
	metrics.sample.window.ms = 30000
	receive.buffer.bytes = 65536
	reconnect.backoff.max.ms = 1000
	reconnect.backoff.ms = 50
	request.timeout.ms = 120000
	retries = 5
	retry.backoff.ms = 100
	sasl.client.callback.handler.class = null
	sasl.jaas.config = null
	sasl.kerberos.kinit.cmd = /usr/bin/kinit
	sasl.kerberos.min.time.before.relogin = 60000
	sasl.kerberos.service.name = null
	sasl.kerberos.ticket.renew.jitter = 0.05
	sasl.kerberos.ticket.renew.window.factor = 0.8
	sasl.login.callback.handler.class = null
	sasl.login.class = null
	sasl.login.refresh.buffer.seconds = 300
	sasl.login.refresh.min.period.seconds = 60
	sasl.login.refresh.window.factor = 0.8
	sasl.login.refresh.window.jitter = 0.05
	sasl.mechanism = GSSAPI
	security.protocol = PLAINTEXT
	send.buffer.bytes = 131072
	ssl.cipher.suites = null
	ssl.enabled.protocols = [TLSv1.2, TLSv1.1, TLSv1]
	ssl.endpoint.identification.algorithm = https
	ssl.key.password = null
	ssl.keymanager.algorithm = SunX509
	ssl.keystore.location = null
	ssl.keystore.password = null
	ssl.keystore.type = JKS
	ssl.protocol = TLS
	ssl.provider = null
	ssl.secure.random.implementation = null
	ssl.trustmanager.algorithm = PKIX
	ssl.truststore.location = null
	ssl.truststore.password = null
	ssl.truststore.type = JKS

2020-01-24 18:16:18.647  INFO 17024 --- [main] o.a.kafka.common.utils.AppInfoParser     : Kafka version: 2.3.1
2020-01-24 18:16:18.647  INFO 17024 --- [main] o.a.kafka.common.utils.AppInfoParser     : Kafka commitId: 18a913733fb71c01
2020-01-24 18:16:18.648  INFO 17024 --- [main] o.a.kafka.common.utils.AppInfoParser     : Kafka startTimeMs: 1579857378646
2020-01-24 18:16:18.845  INFO 17024 --- [main] o.a.k.clients.consumer.ConsumerConfig    : ConsumerConfig values: 
	allow.auto.create.topics = true
	auto.commit.interval.ms = 5000
	auto.offset.reset = earliest
	bootstrap.servers = [localhost:9092]
	check.crcs = true
	client.dns.lookup = default
	client.id = 
	client.rack = 
	connections.max.idle.ms = 540000
	default.api.timeout.ms = 60000
	enable.auto.commit = false
	exclude.internal.topics = true
	fetch.max.bytes = 52428800
	fetch.max.wait.ms = 500
	fetch.min.bytes = 1
	group.id = group_id
	group.instance.id = null
	heartbeat.interval.ms = 3000
	interceptor.classes = []
	internal.leave.group.on.close = true
	isolation.level = read_uncommitted
	key.deserializer = class org.apache.kafka.common.serialization.StringDeserializer
	max.partition.fetch.bytes = 1048576
	max.poll.interval.ms = 300000
	max.poll.records = 500
	metadata.max.age.ms = 300000
	metric.reporters = []
	metrics.num.samples = 2
	metrics.recording.level = INFO
	metrics.sample.window.ms = 30000
	partition.assignment.strategy = [class org.apache.kafka.clients.consumer.RangeAssignor]
	receive.buffer.bytes = 65536
	reconnect.backoff.max.ms = 1000
	reconnect.backoff.ms = 50
	request.timeout.ms = 30000
	retry.backoff.ms = 100
	sasl.client.callback.handler.class = null
	sasl.jaas.config = null
	sasl.kerberos.kinit.cmd = /usr/bin/kinit
	sasl.kerberos.min.time.before.relogin = 60000
	sasl.kerberos.service.name = null
	sasl.kerberos.ticket.renew.jitter = 0.05
	sasl.kerberos.ticket.renew.window.factor = 0.8
	sasl.login.callback.handler.class = null
	sasl.login.class = null
	sasl.login.refresh.buffer.seconds = 300
	sasl.login.refresh.min.period.seconds = 60
	sasl.login.refresh.window.factor = 0.8
	sasl.login.refresh.window.jitter = 0.05
	sasl.mechanism = GSSAPI
	security.protocol = PLAINTEXT
	send.buffer.bytes = 131072
	session.timeout.ms = 10000
	ssl.cipher.suites = null
	ssl.enabled.protocols = [TLSv1.2, TLSv1.1, TLSv1]
	ssl.endpoint.identification.algorithm = https
	ssl.key.password = null
	ssl.keymanager.algorithm = SunX509
	ssl.keystore.location = null
	ssl.keystore.password = null
	ssl.keystore.type = JKS
	ssl.protocol = TLS
	ssl.provider = null
	ssl.secure.random.implementation = null
	ssl.trustmanager.algorithm = PKIX
	ssl.truststore.location = null
	ssl.truststore.password = null
	ssl.truststore.type = JKS
	value.deserializer = class org.springframework.kafka.support.serializer.JsonDeserializer

2020-01-24 18:16:18.875  INFO 17024 --- [main] o.a.kafka.common.utils.AppInfoParser     : Kafka version: 2.3.1
2020-01-24 18:16:18.875  INFO 17024 --- [main] o.a.kafka.common.utils.AppInfoParser     : Kafka commitId: 18a913733fb71c01
2020-01-24 18:16:18.875  INFO 17024 --- [main] o.a.kafka.common.utils.AppInfoParser     : Kafka startTimeMs: 1579857378875
2020-01-24 18:16:18.877  INFO 17024 --- [main] o.a.k.clients.consumer.KafkaConsumer     : [Consumer clientId=consumer-1, groupId=group_id] Subscribed to topic(s): hotdeal
2020-01-24 18:16:18.879  INFO 17024 --- [main] o.s.s.c.ThreadPoolTaskScheduler          : Initializing ExecutorService
2020-01-24 18:16:18.903  INFO 17024 --- [org.springframework.kafka.KafkaListenerEndpointContainer#0-0-C-1] org.apache.kafka.clients.Metadata        : [Consumer clientId=consumer-1, groupId=group_id] Cluster ID: 0D8vRnHtRKK8aPPRyO5Ysg
2020-01-24 18:16:18.905  INFO 17024 --- [org.springframework.kafka.KafkaListenerEndpointContainer#0-0-C-1] o.a.k.c.c.internals.AbstractCoordinator  : [Consumer clientId=consumer-1, groupId=group_id] Discovered group coordinator DESKTOP-8EQSHKC:9092 (id: 2147483647 rack: null)
2020-01-24 18:16:18.907  INFO 17024 --- [org.springframework.kafka.KafkaListenerEndpointContainer#0-0-C-1] o.a.k.c.c.internals.ConsumerCoordinator  : [Consumer clientId=consumer-1, groupId=group_id] Revoking previously assigned partitions []
2020-01-24 18:16:18.908  INFO 17024 --- [org.springframework.kafka.KafkaListenerEndpointContainer#0-0-C-1] o.s.k.l.KafkaMessageListenerContainer    : group_id: partitions revoked: []
2020-01-24 18:16:18.909  INFO 17024 --- [org.springframework.kafka.KafkaListenerEndpointContainer#0-0-C-1] o.a.k.c.c.internals.AbstractCoordinator  : [Consumer clientId=consumer-1, groupId=group_id] (Re-)joining group
2020-01-24 18:16:18.912  INFO 17024 --- [main] o.s.b.w.embedded.tomcat.TomcatWebServer  : Tomcat started on port(s): 8080 (http) with context path ''
2020-01-24 18:16:18.915  INFO 17024 --- [main] com.garage.poc.HotdealeventApplication   : Started HotdealeventApplication in 4.539 seconds (JVM running for 5.807)
2020-01-24 18:16:18.920  INFO 17024 --- [org.springframework.kafka.KafkaListenerEndpointContainer#0-0-C-1] o.a.k.c.c.internals.AbstractCoordinator  : [Consumer clientId=consumer-1, groupId=group_id] (Re-)joining group
2020-01-24 18:16:18.931  INFO 17024 --- [org.springframework.kafka.KafkaListenerEndpointContainer#0-0-C-1] o.a.k.c.c.internals.AbstractCoordinator  : [Consumer clientId=consumer-1, groupId=group_id] Successfully joined group with generation 23
2020-01-24 18:16:18.936  INFO 17024 --- [org.springframework.kafka.KafkaListenerEndpointContainer#0-0-C-1] o.a.k.c.c.internals.ConsumerCoordinator  : [Consumer clientId=consumer-1, groupId=group_id] Setting newly assigned partitions: hotdeal-0
2020-01-24 18:16:18.945  INFO 17024 --- [org.springframework.kafka.KafkaListenerEndpointContainer#0-0-C-1] o.a.k.c.c.internals.ConsumerCoordinator  : [Consumer clientId=consumer-1, groupId=group_id] Setting offset for partition hotdeal-0 to the committed offset FetchPosition{offset=0, offsetEpoch=Optional.empty, currentLeader=LeaderAndEpoch{leader=DESKTOP-8EQSHKC:9092 (id: 0 rack: null), epoch=0}}
2020-01-24 18:16:18.953  INFO 17024 --- [org.springframework.kafka.KafkaListenerEndpointContainer#0-0-C-1] o.s.k.l.KafkaMessageListenerContainer    : group_id: partitions assigned: [hotdeal-0]
2020-01-24 18:16:24.214  INFO 17024 --- [http-nio-8080-exec-1] o.a.c.c.C.[Tomcat].[localhost].[/]       : Initializing Spring DispatcherServlet 'dispatcherServlet'
2020-01-24 18:16:24.214  INFO 17024 --- [http-nio-8080-exec-1] o.s.web.servlet.DispatcherServlet        : Initializing Servlet 'dispatcherServlet'
2020-01-24 18:16:24.218  INFO 17024 --- [http-nio-8080-exec-1] o.s.web.servlet.DispatcherServlet        : Completed initialization in 4 ms
2020-01-24 18:16:24.245  INFO 17024 --- [http-nio-8080-exec-1] c.g.p.controller.HotdealEventController  : ModelAndView [view="index"; model={msg=total: 55}]
2020-01-24 18:16:39.395  INFO 17024 --- [http-nio-8080-exec-6] c.g.poc.controller.CassandraController   : >>>>>>> [test] Customer{01012345678 eventId=20010900
2020-01-24 18:17:27.019  INFO 17024 --- [http-nio-8080-exec-9] c.g.poc.controller.CassandraController   : >>>>>>> [test] Customer{01012345678 eventId=20010900
2020-01-24 18:28:35.545  INFO 17024 --- [RMI TCP Connection(4)-127.0.0.1] inMXBeanRegistrar$SpringApplicationAdmin : Application shutdown requested.
2020-01-24 18:28:35.550  INFO 17024 --- [org.springframework.kafka.KafkaListenerEndpointContainer#0-0-C-1] o.a.k.c.c.internals.AbstractCoordinator  : [Consumer clientId=consumer-1, groupId=group_id] Member consumer-1-795c75f7-ccea-48b5-969b-0ee83aede2be sending LeaveGroup request to coordinator DESKTOP-8EQSHKC:9092 (id: 2147483647 rack: null)
2020-01-24 18:28:35.551  INFO 17024 --- [org.springframework.kafka.KafkaListenerEndpointContainer#0-0-C-1] o.a.k.clients.consumer.KafkaConsumer     : [Consumer clientId=consumer-1, groupId=group_id] Unsubscribed all topics or patterns and assigned partitions
2020-01-24 18:28:35.552  INFO 17024 --- [org.springframework.kafka.KafkaListenerEndpointContainer#0-0-C-1] o.s.s.c.ThreadPoolTaskScheduler          : Shutting down ExecutorService
2020-01-24 18:28:35.563  INFO 17024 --- [org.springframework.kafka.KafkaListenerEndpointContainer#0-0-C-1] essageListenerContainer$ListenerConsumer : group_id: Consumer stopped
2020-01-24 18:28:35.574  INFO 17024 --- [RMI TCP Connection(4)-127.0.0.1] o.s.s.concurrent.ThreadPoolTaskExecutor  : Shutting down ExecutorService 'applicationTaskExecutor'
2020-01-24 18:28:50.226  INFO 14760 --- [main] com.garage.poc.HotdealeventApplication   : Starting HotdealeventApplication on DESKTOP-8EQSHKC with PID 14760 (D:\workspace-sts\hotdealevent\target\classes started by admin in D:\workspace-sts\hotdealevent)
2020-01-24 18:28:50.228  INFO 14760 --- [main] com.garage.poc.HotdealeventApplication   : The following profiles are active: local
2020-01-24 18:28:50.588  INFO 14760 --- [main] .s.d.r.c.RepositoryConfigurationDelegate : Multiple Spring Data modules found, entering strict repository configuration mode!
2020-01-24 18:28:50.589  INFO 14760 --- [main] .s.d.r.c.RepositoryConfigurationDelegate : Bootstrapping Spring Data Redis repositories in DEFAULT mode.
2020-01-24 18:28:50.603  INFO 14760 --- [main] .s.d.r.c.RepositoryConfigurationDelegate : Finished Spring Data repository scanning in 4ms. Found 0 Redis repository interfaces.
2020-01-24 18:28:50.715  INFO 14760 --- [main] .s.d.r.c.RepositoryConfigurationDelegate : Multiple Spring Data modules found, entering strict repository configuration mode!
2020-01-24 18:28:50.715  INFO 14760 --- [main] .s.d.r.c.RepositoryConfigurationDelegate : Bootstrapping Spring Data Reactive Cassandra repositories in DEFAULT mode.
2020-01-24 18:28:50.751  INFO 14760 --- [main] .RepositoryConfigurationExtensionSupport : Spring Data Reactive Cassandra - Could not safely identify store assignment for repository candidate interface com.garage.poc.redis.repository.CustomerRedisRepository. If you want this repository to be a Reactive Cassandra repository, consider annotating your entities with one of these annotations: org.springframework.data.cassandra.core.mapping.Table (preferred), or consider extending one of the following types with your repository: org.springframework.data.cassandra.repository.ReactiveCassandraRepository.
2020-01-24 18:28:50.752  INFO 14760 --- [main] .s.d.r.c.RepositoryConfigurationDelegate : Finished Spring Data repository scanning in 36ms. Found 0 Reactive Cassandra repository interfaces.
2020-01-24 18:28:50.755  INFO 14760 --- [main] .s.d.r.c.RepositoryConfigurationDelegate : Multiple Spring Data modules found, entering strict repository configuration mode!
2020-01-24 18:28:50.755  INFO 14760 --- [main] .s.d.r.c.RepositoryConfigurationDelegate : Bootstrapping Spring Data Cassandra repositories in DEFAULT mode.
2020-01-24 18:28:50.761  INFO 14760 --- [main] .RepositoryConfigurationExtensionSupport : Spring Data Cassandra - Could not safely identify store assignment for repository candidate interface com.garage.poc.redis.repository.CustomerRedisRepository. If you want this repository to be a Cassandra repository, consider annotating your entities with one of these annotations: org.springframework.data.cassandra.core.mapping.Table (preferred), or consider extending one of the following types with your repository: org.springframework.data.cassandra.repository.CassandraRepository.
2020-01-24 18:28:50.777  INFO 14760 --- [main] .s.d.r.c.RepositoryConfigurationDelegate : Finished Spring Data repository scanning in 21ms. Found 1 Cassandra repository interfaces.
2020-01-24 18:28:50.785  INFO 14760 --- [main] .s.d.r.c.RepositoryConfigurationDelegate : Multiple Spring Data modules found, entering strict repository configuration mode!
2020-01-24 18:28:50.785  INFO 14760 --- [main] .s.d.r.c.RepositoryConfigurationDelegate : Bootstrapping Spring Data Redis repositories in DEFAULT mode.
2020-01-24 18:28:50.790  INFO 14760 --- [main] .RepositoryConfigurationExtensionSupport : Spring Data Redis - Could not safely identify store assignment for repository candidate interface com.garage.poc.cassandra.repository.CustomerCassandraRepository. If you want this repository to be a Redis repository, consider annotating your entities with one of these annotations: org.springframework.data.redis.core.RedisHash (preferred), or consider extending one of the following types with your repository: org.springframework.data.keyvalue.repository.KeyValueRepository.
2020-01-24 18:28:50.801  INFO 14760 --- [main] .s.d.r.c.RepositoryConfigurationDelegate : Finished Spring Data repository scanning in 15ms. Found 1 Redis repository interfaces.
2020-01-24 18:28:51.155  INFO 14760 --- [main] o.s.b.w.embedded.tomcat.TomcatWebServer  : Tomcat initialized with port(s): 8080 (http)
2020-01-24 18:28:51.161  INFO 14760 --- [main] o.apache.catalina.core.StandardService   : Starting service [Tomcat]
2020-01-24 18:28:51.161  INFO 14760 --- [main] org.apache.catalina.core.StandardEngine  : Starting Servlet engine: [Apache Tomcat/9.0.29]
2020-01-24 18:28:51.239  INFO 14760 --- [main] o.a.c.c.C.[Tomcat].[localhost].[/]       : Initializing Spring embedded WebApplicationContext
2020-01-24 18:28:51.240  INFO 14760 --- [main] o.s.web.context.ContextLoader            : Root WebApplicationContext: initialization completed in 979 ms
2020-01-24 18:28:51.309  INFO 14760 --- [main] com.datastax.driver.core                 : DataStax Java driver 3.7.2 for Apache Cassandra
2020-01-24 18:28:51.313  INFO 14760 --- [main] c.d.driver.core.GuavaCompatibility       : Detected Guava >= 19 in the classpath, using modern compatibility layer
2020-01-24 18:28:51.416  INFO 14760 --- [main] com.datastax.driver.core.Native          : Could not load JNR C Library, native system calls through this library will not be available (set this logger level to DEBUG to see the full stack trace).
2020-01-24 18:28:51.417  INFO 14760 --- [main] com.datastax.driver.core.ClockFactory    : Using java.lang.System clock to generate timestamps.
2020-01-24 18:28:51.675  INFO 14760 --- [main] com.datastax.driver.core.NettyUtil       : Did not find Netty's native epoll transport in the classpath, defaulting to NIO.
2020-01-24 18:28:53.201  WARN 14760 --- [main] com.datastax.driver.core.Cluster         : You listed localhost/0:0:0:0:0:0:0:1:9042 in your contact points, but it wasn't found in the control host's system.peers at startup
2020-01-24 18:28:53.266  WARN 14760 --- [main] licationStrategy$NetworkTopologyStrategy : Error while computing token map for keyspace demodb with datacenter datacenter1: could not achieve replication factor 3 (found 1 replicas only), check your keyspace replication settings.
2020-01-24 18:28:53.268  INFO 14760 --- [main] c.d.d.c.p.DCAwareRoundRobinPolicy        : Using data-center name 'datacenter1' for DCAwareRoundRobinPolicy (if this is incorrect, please provide the correct datacenter name with DCAwareRoundRobinPolicy constructor)
2020-01-24 18:28:53.270  INFO 14760 --- [main] com.datastax.driver.core.Cluster         : New Cassandra host localhost/127.0.0.1:9042 added
2020-01-24 18:28:53.636  INFO 14760 --- [main] o.s.s.concurrent.ThreadPoolTaskExecutor  : Initializing ExecutorService 'applicationTaskExecutor'
2020-01-24 18:28:53.680  INFO 14760 --- [main] o.s.b.a.w.s.WelcomePageHandlerMapping    : Adding welcome page template: index
2020-01-24 18:28:53.838  INFO 14760 --- [main] o.a.k.clients.admin.AdminClientConfig    : AdminClientConfig values: 
	bootstrap.servers = [localhost:9092]
	client.dns.lookup = default
	client.id = 
	connections.max.idle.ms = 300000
	metadata.max.age.ms = 300000
	metric.reporters = []
	metrics.num.samples = 2
	metrics.recording.level = INFO
	metrics.sample.window.ms = 30000
	receive.buffer.bytes = 65536
	reconnect.backoff.max.ms = 1000
	reconnect.backoff.ms = 50
	request.timeout.ms = 120000
	retries = 5
	retry.backoff.ms = 100
	sasl.client.callback.handler.class = null
	sasl.jaas.config = null
	sasl.kerberos.kinit.cmd = /usr/bin/kinit
	sasl.kerberos.min.time.before.relogin = 60000
	sasl.kerberos.service.name = null
	sasl.kerberos.ticket.renew.jitter = 0.05
	sasl.kerberos.ticket.renew.window.factor = 0.8
	sasl.login.callback.handler.class = null
	sasl.login.class = null
	sasl.login.refresh.buffer.seconds = 300
	sasl.login.refresh.min.period.seconds = 60
	sasl.login.refresh.window.factor = 0.8
	sasl.login.refresh.window.jitter = 0.05
	sasl.mechanism = GSSAPI
	security.protocol = PLAINTEXT
	send.buffer.bytes = 131072
	ssl.cipher.suites = null
	ssl.enabled.protocols = [TLSv1.2, TLSv1.1, TLSv1]
	ssl.endpoint.identification.algorithm = https
	ssl.key.password = null
	ssl.keymanager.algorithm = SunX509
	ssl.keystore.location = null
	ssl.keystore.password = null
	ssl.keystore.type = JKS
	ssl.protocol = TLS
	ssl.provider = null
	ssl.secure.random.implementation = null
	ssl.trustmanager.algorithm = PKIX
	ssl.truststore.location = null
	ssl.truststore.password = null
	ssl.truststore.type = JKS

2020-01-24 18:28:53.867  INFO 14760 --- [main] o.a.kafka.common.utils.AppInfoParser     : Kafka version: 2.3.1
2020-01-24 18:28:53.867  INFO 14760 --- [main] o.a.kafka.common.utils.AppInfoParser     : Kafka commitId: 18a913733fb71c01
2020-01-24 18:28:53.867  INFO 14760 --- [main] o.a.kafka.common.utils.AppInfoParser     : Kafka startTimeMs: 1579858133865
2020-01-24 18:28:54.014  INFO 14760 --- [main] o.a.k.clients.consumer.ConsumerConfig    : ConsumerConfig values: 
	allow.auto.create.topics = true
	auto.commit.interval.ms = 5000
	auto.offset.reset = earliest
	bootstrap.servers = [localhost:9092]
	check.crcs = true
	client.dns.lookup = default
	client.id = 
	client.rack = 
	connections.max.idle.ms = 540000
	default.api.timeout.ms = 60000
	enable.auto.commit = false
	exclude.internal.topics = true
	fetch.max.bytes = 52428800
	fetch.max.wait.ms = 500
	fetch.min.bytes = 1
	group.id = group_id
	group.instance.id = null
	heartbeat.interval.ms = 3000
	interceptor.classes = []
	internal.leave.group.on.close = true
	isolation.level = read_uncommitted
	key.deserializer = class org.apache.kafka.common.serialization.StringDeserializer
	max.partition.fetch.bytes = 1048576
	max.poll.interval.ms = 300000
	max.poll.records = 500
	metadata.max.age.ms = 300000
	metric.reporters = []
	metrics.num.samples = 2
	metrics.recording.level = INFO
	metrics.sample.window.ms = 30000
	partition.assignment.strategy = [class org.apache.kafka.clients.consumer.RangeAssignor]
	receive.buffer.bytes = 65536
	reconnect.backoff.max.ms = 1000
	reconnect.backoff.ms = 50
	request.timeout.ms = 30000
	retry.backoff.ms = 100
	sasl.client.callback.handler.class = null
	sasl.jaas.config = null
	sasl.kerberos.kinit.cmd = /usr/bin/kinit
	sasl.kerberos.min.time.before.relogin = 60000
	sasl.kerberos.service.name = null
	sasl.kerberos.ticket.renew.jitter = 0.05
	sasl.kerberos.ticket.renew.window.factor = 0.8
	sasl.login.callback.handler.class = null
	sasl.login.class = null
	sasl.login.refresh.buffer.seconds = 300
	sasl.login.refresh.min.period.seconds = 60
	sasl.login.refresh.window.factor = 0.8
	sasl.login.refresh.window.jitter = 0.05
	sasl.mechanism = GSSAPI
	security.protocol = PLAINTEXT
	send.buffer.bytes = 131072
	session.timeout.ms = 10000
	ssl.cipher.suites = null
	ssl.enabled.protocols = [TLSv1.2, TLSv1.1, TLSv1]
	ssl.endpoint.identification.algorithm = https
	ssl.key.password = null
	ssl.keymanager.algorithm = SunX509
	ssl.keystore.location = null
	ssl.keystore.password = null
	ssl.keystore.type = JKS
	ssl.protocol = TLS
	ssl.provider = null
	ssl.secure.random.implementation = null
	ssl.trustmanager.algorithm = PKIX
	ssl.truststore.location = null
	ssl.truststore.password = null
	ssl.truststore.type = JKS
	value.deserializer = class org.springframework.kafka.support.serializer.JsonDeserializer

2020-01-24 18:28:54.036  INFO 14760 --- [main] o.a.kafka.common.utils.AppInfoParser     : Kafka version: 2.3.1
2020-01-24 18:28:54.036  INFO 14760 --- [main] o.a.kafka.common.utils.AppInfoParser     : Kafka commitId: 18a913733fb71c01
2020-01-24 18:28:54.036  INFO 14760 --- [main] o.a.kafka.common.utils.AppInfoParser     : Kafka startTimeMs: 1579858134036
2020-01-24 18:28:54.037  INFO 14760 --- [main] o.a.k.clients.consumer.KafkaConsumer     : [Consumer clientId=consumer-1, groupId=group_id] Subscribed to topic(s): hotdeal
2020-01-24 18:28:54.038  INFO 14760 --- [main] o.s.s.c.ThreadPoolTaskScheduler          : Initializing ExecutorService
2020-01-24 18:28:54.056  INFO 14760 --- [org.springframework.kafka.KafkaListenerEndpointContainer#0-0-C-1] org.apache.kafka.clients.Metadata        : [Consumer clientId=consumer-1, groupId=group_id] Cluster ID: 0D8vRnHtRKK8aPPRyO5Ysg
2020-01-24 18:28:54.057  INFO 14760 --- [org.springframework.kafka.KafkaListenerEndpointContainer#0-0-C-1] o.a.k.c.c.internals.AbstractCoordinator  : [Consumer clientId=consumer-1, groupId=group_id] Discovered group coordinator DESKTOP-8EQSHKC:9092 (id: 2147483647 rack: null)
2020-01-24 18:28:54.059  INFO 14760 --- [org.springframework.kafka.KafkaListenerEndpointContainer#0-0-C-1] o.a.k.c.c.internals.ConsumerCoordinator  : [Consumer clientId=consumer-1, groupId=group_id] Revoking previously assigned partitions []
2020-01-24 18:28:54.060  INFO 14760 --- [org.springframework.kafka.KafkaListenerEndpointContainer#0-0-C-1] o.s.k.l.KafkaMessageListenerContainer    : group_id: partitions revoked: []
2020-01-24 18:28:54.061  INFO 14760 --- [org.springframework.kafka.KafkaListenerEndpointContainer#0-0-C-1] o.a.k.c.c.internals.AbstractCoordinator  : [Consumer clientId=consumer-1, groupId=group_id] (Re-)joining group
2020-01-24 18:28:54.063  INFO 14760 --- [main] o.s.b.w.embedded.tomcat.TomcatWebServer  : Tomcat started on port(s): 8080 (http) with context path ''
2020-01-24 18:28:54.065  INFO 14760 --- [main] com.garage.poc.HotdealeventApplication   : Started HotdealeventApplication in 4.188 seconds (JVM running for 5.478)
2020-01-24 18:28:54.072  INFO 14760 --- [org.springframework.kafka.KafkaListenerEndpointContainer#0-0-C-1] o.a.k.c.c.internals.AbstractCoordinator  : [Consumer clientId=consumer-1, groupId=group_id] (Re-)joining group
2020-01-24 18:28:54.081  INFO 14760 --- [org.springframework.kafka.KafkaListenerEndpointContainer#0-0-C-1] o.a.k.c.c.internals.AbstractCoordinator  : [Consumer clientId=consumer-1, groupId=group_id] Successfully joined group with generation 25
2020-01-24 18:28:54.085  INFO 14760 --- [org.springframework.kafka.KafkaListenerEndpointContainer#0-0-C-1] o.a.k.c.c.internals.ConsumerCoordinator  : [Consumer clientId=consumer-1, groupId=group_id] Setting newly assigned partitions: hotdeal-0
2020-01-24 18:28:54.092  INFO 14760 --- [org.springframework.kafka.KafkaListenerEndpointContainer#0-0-C-1] o.a.k.c.c.internals.ConsumerCoordinator  : [Consumer clientId=consumer-1, groupId=group_id] Setting offset for partition hotdeal-0 to the committed offset FetchPosition{offset=0, offsetEpoch=Optional.empty, currentLeader=LeaderAndEpoch{leader=DESKTOP-8EQSHKC:9092 (id: 0 rack: null), epoch=0}}
2020-01-24 18:28:54.099  INFO 14760 --- [org.springframework.kafka.KafkaListenerEndpointContainer#0-0-C-1] o.s.k.l.KafkaMessageListenerContainer    : group_id: partitions assigned: [hotdeal-0]
2020-01-24 18:29:11.693  INFO 14760 --- [http-nio-8080-exec-1] o.a.c.c.C.[Tomcat].[localhost].[/]       : Initializing Spring DispatcherServlet 'dispatcherServlet'
2020-01-24 18:29:11.693  INFO 14760 --- [http-nio-8080-exec-1] o.s.web.servlet.DispatcherServlet        : Initializing Servlet 'dispatcherServlet'
2020-01-24 18:29:11.698  INFO 14760 --- [http-nio-8080-exec-1] o.s.web.servlet.DispatcherServlet        : Completed initialization in 4 ms
2020-01-24 18:29:11.722  INFO 14760 --- [http-nio-8080-exec-1] c.g.p.controller.HotdealEventController  : ModelAndView [view="index"; model={msg=total: 55}]
2020-01-24 18:29:47.334  INFO 14760 --- [RMI TCP Connection(4)-127.0.0.1] inMXBeanRegistrar$SpringApplicationAdmin : Application shutdown requested.
2020-01-24 18:29:47.338  INFO 14760 --- [org.springframework.kafka.KafkaListenerEndpointContainer#0-0-C-1] o.a.k.c.c.internals.AbstractCoordinator  : [Consumer clientId=consumer-1, groupId=group_id] Member consumer-1-61d46f70-07cc-4a29-a106-a135848e1aad sending LeaveGroup request to coordinator DESKTOP-8EQSHKC:9092 (id: 2147483647 rack: null)
2020-01-24 18:29:47.339  INFO 14760 --- [org.springframework.kafka.KafkaListenerEndpointContainer#0-0-C-1] o.a.k.clients.consumer.KafkaConsumer     : [Consumer clientId=consumer-1, groupId=group_id] Unsubscribed all topics or patterns and assigned partitions
2020-01-24 18:29:47.340  INFO 14760 --- [org.springframework.kafka.KafkaListenerEndpointContainer#0-0-C-1] o.s.s.c.ThreadPoolTaskScheduler          : Shutting down ExecutorService
2020-01-24 18:29:47.349  INFO 14760 --- [org.springframework.kafka.KafkaListenerEndpointContainer#0-0-C-1] essageListenerContainer$ListenerConsumer : group_id: Consumer stopped
2020-01-24 18:29:47.361  INFO 14760 --- [RMI TCP Connection(4)-127.0.0.1] o.s.s.concurrent.ThreadPoolTaskExecutor  : Shutting down ExecutorService 'applicationTaskExecutor'
2020-01-24 18:30:00.417  INFO 12048 --- [main] com.garage.poc.HotdealeventApplication   : Starting HotdealeventApplication on DESKTOP-8EQSHKC with PID 12048 (D:\workspace-sts\hotdealevent\target\classes started by admin in D:\workspace-sts\hotdealevent)
2020-01-24 18:30:00.419  INFO 12048 --- [main] com.garage.poc.HotdealeventApplication   : The following profiles are active: local
2020-01-24 18:30:00.796  INFO 12048 --- [main] .s.d.r.c.RepositoryConfigurationDelegate : Multiple Spring Data modules found, entering strict repository configuration mode!
2020-01-24 18:30:00.796  INFO 12048 --- [main] .s.d.r.c.RepositoryConfigurationDelegate : Bootstrapping Spring Data Redis repositories in DEFAULT mode.
2020-01-24 18:30:00.811  INFO 12048 --- [main] .s.d.r.c.RepositoryConfigurationDelegate : Finished Spring Data repository scanning in 4ms. Found 0 Redis repository interfaces.
2020-01-24 18:30:00.915  INFO 12048 --- [main] .s.d.r.c.RepositoryConfigurationDelegate : Multiple Spring Data modules found, entering strict repository configuration mode!
2020-01-24 18:30:00.915  INFO 12048 --- [main] .s.d.r.c.RepositoryConfigurationDelegate : Bootstrapping Spring Data Reactive Cassandra repositories in DEFAULT mode.
2020-01-24 18:30:00.963  INFO 12048 --- [main] .RepositoryConfigurationExtensionSupport : Spring Data Reactive Cassandra - Could not safely identify store assignment for repository candidate interface com.garage.poc.redis.repository.CustomerRedisRepository. If you want this repository to be a Reactive Cassandra repository, consider annotating your entities with one of these annotations: org.springframework.data.cassandra.core.mapping.Table (preferred), or consider extending one of the following types with your repository: org.springframework.data.cassandra.repository.ReactiveCassandraRepository.
2020-01-24 18:30:00.964  INFO 12048 --- [main] .s.d.r.c.RepositoryConfigurationDelegate : Finished Spring Data repository scanning in 48ms. Found 0 Reactive Cassandra repository interfaces.
2020-01-24 18:30:00.968  INFO 12048 --- [main] .s.d.r.c.RepositoryConfigurationDelegate : Multiple Spring Data modules found, entering strict repository configuration mode!
2020-01-24 18:30:00.968  INFO 12048 --- [main] .s.d.r.c.RepositoryConfigurationDelegate : Bootstrapping Spring Data Cassandra repositories in DEFAULT mode.
2020-01-24 18:30:00.974  INFO 12048 --- [main] .RepositoryConfigurationExtensionSupport : Spring Data Cassandra - Could not safely identify store assignment for repository candidate interface com.garage.poc.redis.repository.CustomerRedisRepository. If you want this repository to be a Cassandra repository, consider annotating your entities with one of these annotations: org.springframework.data.cassandra.core.mapping.Table (preferred), or consider extending one of the following types with your repository: org.springframework.data.cassandra.repository.CassandraRepository.
2020-01-24 18:30:00.991  INFO 12048 --- [main] .s.d.r.c.RepositoryConfigurationDelegate : Finished Spring Data repository scanning in 22ms. Found 1 Cassandra repository interfaces.
2020-01-24 18:30:01.000  INFO 12048 --- [main] .s.d.r.c.RepositoryConfigurationDelegate : Multiple Spring Data modules found, entering strict repository configuration mode!
2020-01-24 18:30:01.000  INFO 12048 --- [main] .s.d.r.c.RepositoryConfigurationDelegate : Bootstrapping Spring Data Redis repositories in DEFAULT mode.
2020-01-24 18:30:01.006  INFO 12048 --- [main] .RepositoryConfigurationExtensionSupport : Spring Data Redis - Could not safely identify store assignment for repository candidate interface com.garage.poc.cassandra.repository.CustomerCassandraRepository. If you want this repository to be a Redis repository, consider annotating your entities with one of these annotations: org.springframework.data.redis.core.RedisHash (preferred), or consider extending one of the following types with your repository: org.springframework.data.keyvalue.repository.KeyValueRepository.
2020-01-24 18:30:01.013  INFO 12048 --- [main] .s.d.r.c.RepositoryConfigurationDelegate : Finished Spring Data repository scanning in 13ms. Found 1 Redis repository interfaces.
2020-01-24 18:30:01.394  INFO 12048 --- [main] o.s.b.w.embedded.tomcat.TomcatWebServer  : Tomcat initialized with port(s): 8080 (http)
2020-01-24 18:30:01.401  INFO 12048 --- [main] o.apache.catalina.core.StandardService   : Starting service [Tomcat]
2020-01-24 18:30:01.401  INFO 12048 --- [main] org.apache.catalina.core.StandardEngine  : Starting Servlet engine: [Apache Tomcat/9.0.29]
2020-01-24 18:30:01.484  INFO 12048 --- [main] o.a.c.c.C.[Tomcat].[localhost].[/]       : Initializing Spring embedded WebApplicationContext
2020-01-24 18:30:01.484  INFO 12048 --- [main] o.s.web.context.ContextLoader            : Root WebApplicationContext: initialization completed in 1031 ms
2020-01-24 18:30:01.548  INFO 12048 --- [main] com.datastax.driver.core                 : DataStax Java driver 3.7.2 for Apache Cassandra
2020-01-24 18:30:01.553  INFO 12048 --- [main] c.d.driver.core.GuavaCompatibility       : Detected Guava >= 19 in the classpath, using modern compatibility layer
2020-01-24 18:30:01.649  INFO 12048 --- [main] com.datastax.driver.core.Native          : Could not load JNR C Library, native system calls through this library will not be available (set this logger level to DEBUG to see the full stack trace).
2020-01-24 18:30:01.649  INFO 12048 --- [main] com.datastax.driver.core.ClockFactory    : Using java.lang.System clock to generate timestamps.
2020-01-24 18:30:01.917  INFO 12048 --- [main] com.datastax.driver.core.NettyUtil       : Did not find Netty's native epoll transport in the classpath, defaulting to NIO.
2020-01-24 18:30:05.598  WARN 12048 --- [main] com.datastax.driver.core.Cluster         : You listed localhost/0:0:0:0:0:0:0:1:9042 in your contact points, but it wasn't found in the control host's system.peers at startup
2020-01-24 18:30:05.683  WARN 12048 --- [main] licationStrategy$NetworkTopologyStrategy : Error while computing token map for keyspace demodb with datacenter datacenter1: could not achieve replication factor 3 (found 1 replicas only), check your keyspace replication settings.
2020-01-24 18:30:05.685  INFO 12048 --- [main] c.d.d.c.p.DCAwareRoundRobinPolicy        : Using data-center name 'datacenter1' for DCAwareRoundRobinPolicy (if this is incorrect, please provide the correct datacenter name with DCAwareRoundRobinPolicy constructor)
2020-01-24 18:30:05.687  INFO 12048 --- [main] com.datastax.driver.core.Cluster         : New Cassandra host localhost/127.0.0.1:9042 added
2020-01-24 18:30:06.197  INFO 12048 --- [main] o.s.s.concurrent.ThreadPoolTaskExecutor  : Initializing ExecutorService 'applicationTaskExecutor'
2020-01-24 18:30:06.267  INFO 12048 --- [main] o.s.b.a.w.s.WelcomePageHandlerMapping    : Adding welcome page template: index
2020-01-24 18:30:06.487  INFO 12048 --- [main] o.a.k.clients.admin.AdminClientConfig    : AdminClientConfig values: 
	bootstrap.servers = [localhost:9092]
	client.dns.lookup = default
	client.id = 
	connections.max.idle.ms = 300000
	metadata.max.age.ms = 300000
	metric.reporters = []
	metrics.num.samples = 2
	metrics.recording.level = INFO
	metrics.sample.window.ms = 30000
	receive.buffer.bytes = 65536
	reconnect.backoff.max.ms = 1000
	reconnect.backoff.ms = 50
	request.timeout.ms = 120000
	retries = 5
	retry.backoff.ms = 100
	sasl.client.callback.handler.class = null
	sasl.jaas.config = null
	sasl.kerberos.kinit.cmd = /usr/bin/kinit
	sasl.kerberos.min.time.before.relogin = 60000
	sasl.kerberos.service.name = null
	sasl.kerberos.ticket.renew.jitter = 0.05
	sasl.kerberos.ticket.renew.window.factor = 0.8
	sasl.login.callback.handler.class = null
	sasl.login.class = null
	sasl.login.refresh.buffer.seconds = 300
	sasl.login.refresh.min.period.seconds = 60
	sasl.login.refresh.window.factor = 0.8
	sasl.login.refresh.window.jitter = 0.05
	sasl.mechanism = GSSAPI
	security.protocol = PLAINTEXT
	send.buffer.bytes = 131072
	ssl.cipher.suites = null
	ssl.enabled.protocols = [TLSv1.2, TLSv1.1, TLSv1]
	ssl.endpoint.identification.algorithm = https
	ssl.key.password = null
	ssl.keymanager.algorithm = SunX509
	ssl.keystore.location = null
	ssl.keystore.password = null
	ssl.keystore.type = JKS
	ssl.protocol = TLS
	ssl.provider = null
	ssl.secure.random.implementation = null
	ssl.trustmanager.algorithm = PKIX
	ssl.truststore.location = null
	ssl.truststore.password = null
	ssl.truststore.type = JKS

2020-01-24 18:30:06.527  INFO 12048 --- [main] o.a.kafka.common.utils.AppInfoParser     : Kafka version: 2.3.1
2020-01-24 18:30:06.527  INFO 12048 --- [main] o.a.kafka.common.utils.AppInfoParser     : Kafka commitId: 18a913733fb71c01
2020-01-24 18:30:06.527  INFO 12048 --- [main] o.a.kafka.common.utils.AppInfoParser     : Kafka startTimeMs: 1579858206525
2020-01-24 18:30:06.747  INFO 12048 --- [main] o.a.k.clients.consumer.ConsumerConfig    : ConsumerConfig values: 
	allow.auto.create.topics = true
	auto.commit.interval.ms = 5000
	auto.offset.reset = earliest
	bootstrap.servers = [localhost:9092]
	check.crcs = true
	client.dns.lookup = default
	client.id = 
	client.rack = 
	connections.max.idle.ms = 540000
	default.api.timeout.ms = 60000
	enable.auto.commit = false
	exclude.internal.topics = true
	fetch.max.bytes = 52428800
	fetch.max.wait.ms = 500
	fetch.min.bytes = 1
	group.id = group_id
	group.instance.id = null
	heartbeat.interval.ms = 3000
	interceptor.classes = []
	internal.leave.group.on.close = true
	isolation.level = read_uncommitted
	key.deserializer = class org.apache.kafka.common.serialization.StringDeserializer
	max.partition.fetch.bytes = 1048576
	max.poll.interval.ms = 300000
	max.poll.records = 500
	metadata.max.age.ms = 300000
	metric.reporters = []
	metrics.num.samples = 2
	metrics.recording.level = INFO
	metrics.sample.window.ms = 30000
	partition.assignment.strategy = [class org.apache.kafka.clients.consumer.RangeAssignor]
	receive.buffer.bytes = 65536
	reconnect.backoff.max.ms = 1000
	reconnect.backoff.ms = 50
	request.timeout.ms = 30000
	retry.backoff.ms = 100
	sasl.client.callback.handler.class = null
	sasl.jaas.config = null
	sasl.kerberos.kinit.cmd = /usr/bin/kinit
	sasl.kerberos.min.time.before.relogin = 60000
	sasl.kerberos.service.name = null
	sasl.kerberos.ticket.renew.jitter = 0.05
	sasl.kerberos.ticket.renew.window.factor = 0.8
	sasl.login.callback.handler.class = null
	sasl.login.class = null
	sasl.login.refresh.buffer.seconds = 300
	sasl.login.refresh.min.period.seconds = 60
	sasl.login.refresh.window.factor = 0.8
	sasl.login.refresh.window.jitter = 0.05
	sasl.mechanism = GSSAPI
	security.protocol = PLAINTEXT
	send.buffer.bytes = 131072
	session.timeout.ms = 10000
	ssl.cipher.suites = null
	ssl.enabled.protocols = [TLSv1.2, TLSv1.1, TLSv1]
	ssl.endpoint.identification.algorithm = https
	ssl.key.password = null
	ssl.keymanager.algorithm = SunX509
	ssl.keystore.location = null
	ssl.keystore.password = null
	ssl.keystore.type = JKS
	ssl.protocol = TLS
	ssl.provider = null
	ssl.secure.random.implementation = null
	ssl.trustmanager.algorithm = PKIX
	ssl.truststore.location = null
	ssl.truststore.password = null
	ssl.truststore.type = JKS
	value.deserializer = class org.springframework.kafka.support.serializer.JsonDeserializer

2020-01-24 18:30:06.783  INFO 12048 --- [main] o.a.kafka.common.utils.AppInfoParser     : Kafka version: 2.3.1
2020-01-24 18:30:06.784  INFO 12048 --- [main] o.a.kafka.common.utils.AppInfoParser     : Kafka commitId: 18a913733fb71c01
2020-01-24 18:30:06.784  INFO 12048 --- [main] o.a.kafka.common.utils.AppInfoParser     : Kafka startTimeMs: 1579858206783
2020-01-24 18:30:06.785  INFO 12048 --- [main] o.a.k.clients.consumer.KafkaConsumer     : [Consumer clientId=consumer-1, groupId=group_id] Subscribed to topic(s): hotdeal
2020-01-24 18:30:06.787  INFO 12048 --- [main] o.s.s.c.ThreadPoolTaskScheduler          : Initializing ExecutorService
2020-01-24 18:30:06.812  INFO 12048 --- [org.springframework.kafka.KafkaListenerEndpointContainer#0-0-C-1] org.apache.kafka.clients.Metadata        : [Consumer clientId=consumer-1, groupId=group_id] Cluster ID: 0D8vRnHtRKK8aPPRyO5Ysg
2020-01-24 18:30:06.814  INFO 12048 --- [org.springframework.kafka.KafkaListenerEndpointContainer#0-0-C-1] o.a.k.c.c.internals.AbstractCoordinator  : [Consumer clientId=consumer-1, groupId=group_id] Discovered group coordinator DESKTOP-8EQSHKC:9092 (id: 2147483647 rack: null)
2020-01-24 18:30:06.816  INFO 12048 --- [org.springframework.kafka.KafkaListenerEndpointContainer#0-0-C-1] o.a.k.c.c.internals.ConsumerCoordinator  : [Consumer clientId=consumer-1, groupId=group_id] Revoking previously assigned partitions []
2020-01-24 18:30:06.817  INFO 12048 --- [org.springframework.kafka.KafkaListenerEndpointContainer#0-0-C-1] o.s.k.l.KafkaMessageListenerContainer    : group_id: partitions revoked: []
2020-01-24 18:30:06.818  INFO 12048 --- [org.springframework.kafka.KafkaListenerEndpointContainer#0-0-C-1] o.a.k.c.c.internals.AbstractCoordinator  : [Consumer clientId=consumer-1, groupId=group_id] (Re-)joining group
2020-01-24 18:30:06.821  INFO 12048 --- [main] o.s.b.w.embedded.tomcat.TomcatWebServer  : Tomcat started on port(s): 8080 (http) with context path ''
2020-01-24 18:30:06.825  INFO 12048 --- [main] com.garage.poc.HotdealeventApplication   : Started HotdealeventApplication in 6.789 seconds (JVM running for 8.042)
2020-01-24 18:30:06.830  INFO 12048 --- [org.springframework.kafka.KafkaListenerEndpointContainer#0-0-C-1] o.a.k.c.c.internals.AbstractCoordinator  : [Consumer clientId=consumer-1, groupId=group_id] (Re-)joining group
2020-01-24 18:30:06.840  INFO 12048 --- [org.springframework.kafka.KafkaListenerEndpointContainer#0-0-C-1] o.a.k.c.c.internals.AbstractCoordinator  : [Consumer clientId=consumer-1, groupId=group_id] Successfully joined group with generation 27
2020-01-24 18:30:06.847  INFO 12048 --- [org.springframework.kafka.KafkaListenerEndpointContainer#0-0-C-1] o.a.k.c.c.internals.ConsumerCoordinator  : [Consumer clientId=consumer-1, groupId=group_id] Setting newly assigned partitions: hotdeal-0
2020-01-24 18:30:06.856  INFO 12048 --- [org.springframework.kafka.KafkaListenerEndpointContainer#0-0-C-1] o.a.k.c.c.internals.ConsumerCoordinator  : [Consumer clientId=consumer-1, groupId=group_id] Setting offset for partition hotdeal-0 to the committed offset FetchPosition{offset=0, offsetEpoch=Optional.empty, currentLeader=LeaderAndEpoch{leader=DESKTOP-8EQSHKC:9092 (id: 0 rack: null), epoch=0}}
2020-01-24 18:30:06.865  INFO 12048 --- [org.springframework.kafka.KafkaListenerEndpointContainer#0-0-C-1] o.s.k.l.KafkaMessageListenerContainer    : group_id: partitions assigned: [hotdeal-0]
2020-01-24 18:30:19.240  INFO 12048 --- [http-nio-8080-exec-1] o.a.c.c.C.[Tomcat].[localhost].[/]       : Initializing Spring DispatcherServlet 'dispatcherServlet'
2020-01-24 18:30:19.240  INFO 12048 --- [http-nio-8080-exec-1] o.s.web.servlet.DispatcherServlet        : Initializing Servlet 'dispatcherServlet'
2020-01-24 18:30:19.245  INFO 12048 --- [http-nio-8080-exec-1] o.s.web.servlet.DispatcherServlet        : Completed initialization in 4 ms
2020-01-24 18:30:19.273  INFO 12048 --- [http-nio-8080-exec-1] c.g.p.controller.HotdealEventController  : ModelAndView [view="index"; model={msg=total: 55}]
2020-01-24 18:30:36.061  INFO 12048 --- [http-nio-8080-exec-4] c.g.p.controller.HotdealEventController  : ModelAndView [view="index"; model={msg=total: 55}]
2020-01-24 18:31:21.628  INFO 12048 --- [RMI TCP Connection(4)-127.0.0.1] inMXBeanRegistrar$SpringApplicationAdmin : Application shutdown requested.
2020-01-24 18:31:21.633  INFO 12048 --- [org.springframework.kafka.KafkaListenerEndpointContainer#0-0-C-1] o.a.k.c.c.internals.AbstractCoordinator  : [Consumer clientId=consumer-1, groupId=group_id] Member consumer-1-aed5b6bd-3466-4aa5-ac7f-3ead5026b8fb sending LeaveGroup request to coordinator DESKTOP-8EQSHKC:9092 (id: 2147483647 rack: null)
2020-01-24 18:31:21.635  INFO 12048 --- [org.springframework.kafka.KafkaListenerEndpointContainer#0-0-C-1] o.a.k.clients.consumer.KafkaConsumer     : [Consumer clientId=consumer-1, groupId=group_id] Unsubscribed all topics or patterns and assigned partitions
2020-01-24 18:31:21.635  INFO 12048 --- [org.springframework.kafka.KafkaListenerEndpointContainer#0-0-C-1] o.s.s.c.ThreadPoolTaskScheduler          : Shutting down ExecutorService
2020-01-24 18:31:21.645  INFO 12048 --- [org.springframework.kafka.KafkaListenerEndpointContainer#0-0-C-1] essageListenerContainer$ListenerConsumer : group_id: Consumer stopped
2020-01-24 18:31:21.657  INFO 12048 --- [RMI TCP Connection(4)-127.0.0.1] o.s.s.concurrent.ThreadPoolTaskExecutor  : Shutting down ExecutorService 'applicationTaskExecutor'
2020-01-24 18:31:30.074  INFO 22552 --- [main] com.garage.poc.HotdealeventApplication   : Starting HotdealeventApplication on DESKTOP-8EQSHKC with PID 22552 (D:\workspace-sts\hotdealevent\target\classes started by admin in D:\workspace-sts\hotdealevent)
2020-01-24 18:31:30.076  INFO 22552 --- [main] com.garage.poc.HotdealeventApplication   : The following profiles are active: local
2020-01-24 18:31:30.434  INFO 22552 --- [main] .s.d.r.c.RepositoryConfigurationDelegate : Multiple Spring Data modules found, entering strict repository configuration mode!
2020-01-24 18:31:30.435  INFO 22552 --- [main] .s.d.r.c.RepositoryConfigurationDelegate : Bootstrapping Spring Data Redis repositories in DEFAULT mode.
2020-01-24 18:31:30.449  INFO 22552 --- [main] .s.d.r.c.RepositoryConfigurationDelegate : Finished Spring Data repository scanning in 4ms. Found 0 Redis repository interfaces.
2020-01-24 18:31:30.557  INFO 22552 --- [main] .s.d.r.c.RepositoryConfigurationDelegate : Multiple Spring Data modules found, entering strict repository configuration mode!
2020-01-24 18:31:30.558  INFO 22552 --- [main] .s.d.r.c.RepositoryConfigurationDelegate : Bootstrapping Spring Data Reactive Cassandra repositories in DEFAULT mode.
2020-01-24 18:31:30.604  INFO 22552 --- [main] .RepositoryConfigurationExtensionSupport : Spring Data Reactive Cassandra - Could not safely identify store assignment for repository candidate interface com.garage.poc.redis.repository.CustomerRedisRepository. If you want this repository to be a Reactive Cassandra repository, consider annotating your entities with one of these annotations: org.springframework.data.cassandra.core.mapping.Table (preferred), or consider extending one of the following types with your repository: org.springframework.data.cassandra.repository.ReactiveCassandraRepository.
2020-01-24 18:31:30.604  INFO 22552 --- [main] .s.d.r.c.RepositoryConfigurationDelegate : Finished Spring Data repository scanning in 45ms. Found 0 Reactive Cassandra repository interfaces.
2020-01-24 18:31:30.608  INFO 22552 --- [main] .s.d.r.c.RepositoryConfigurationDelegate : Multiple Spring Data modules found, entering strict repository configuration mode!
2020-01-24 18:31:30.608  INFO 22552 --- [main] .s.d.r.c.RepositoryConfigurationDelegate : Bootstrapping Spring Data Cassandra repositories in DEFAULT mode.
2020-01-24 18:31:30.614  INFO 22552 --- [main] .RepositoryConfigurationExtensionSupport : Spring Data Cassandra - Could not safely identify store assignment for repository candidate interface com.garage.poc.redis.repository.CustomerRedisRepository. If you want this repository to be a Cassandra repository, consider annotating your entities with one of these annotations: org.springframework.data.cassandra.core.mapping.Table (preferred), or consider extending one of the following types with your repository: org.springframework.data.cassandra.repository.CassandraRepository.
2020-01-24 18:31:30.629  INFO 22552 --- [main] .s.d.r.c.RepositoryConfigurationDelegate : Finished Spring Data repository scanning in 20ms. Found 1 Cassandra repository interfaces.
2020-01-24 18:31:30.636  INFO 22552 --- [main] .s.d.r.c.RepositoryConfigurationDelegate : Multiple Spring Data modules found, entering strict repository configuration mode!
2020-01-24 18:31:30.636  INFO 22552 --- [main] .s.d.r.c.RepositoryConfigurationDelegate : Bootstrapping Spring Data Redis repositories in DEFAULT mode.
2020-01-24 18:31:30.641  INFO 22552 --- [main] .RepositoryConfigurationExtensionSupport : Spring Data Redis - Could not safely identify store assignment for repository candidate interface com.garage.poc.cassandra.repository.CustomerCassandraRepository. If you want this repository to be a Redis repository, consider annotating your entities with one of these annotations: org.springframework.data.redis.core.RedisHash (preferred), or consider extending one of the following types with your repository: org.springframework.data.keyvalue.repository.KeyValueRepository.
2020-01-24 18:31:30.647  INFO 22552 --- [main] .s.d.r.c.RepositoryConfigurationDelegate : Finished Spring Data repository scanning in 10ms. Found 1 Redis repository interfaces.
2020-01-24 18:31:31.014  INFO 22552 --- [main] o.s.b.w.embedded.tomcat.TomcatWebServer  : Tomcat initialized with port(s): 8080 (http)
2020-01-24 18:31:31.022  INFO 22552 --- [main] o.apache.catalina.core.StandardService   : Starting service [Tomcat]
2020-01-24 18:31:31.022  INFO 22552 --- [main] org.apache.catalina.core.StandardEngine  : Starting Servlet engine: [Apache Tomcat/9.0.29]
2020-01-24 18:31:31.109  INFO 22552 --- [main] o.a.c.c.C.[Tomcat].[localhost].[/]       : Initializing Spring embedded WebApplicationContext
2020-01-24 18:31:31.109  INFO 22552 --- [main] o.s.web.context.ContextLoader            : Root WebApplicationContext: initialization completed in 1002 ms
2020-01-24 18:31:31.170  INFO 22552 --- [main] com.datastax.driver.core                 : DataStax Java driver 3.7.2 for Apache Cassandra
2020-01-24 18:31:31.175  INFO 22552 --- [main] c.d.driver.core.GuavaCompatibility       : Detected Guava >= 19 in the classpath, using modern compatibility layer
2020-01-24 18:31:31.277  INFO 22552 --- [main] com.datastax.driver.core.Native          : Could not load JNR C Library, native system calls through this library will not be available (set this logger level to DEBUG to see the full stack trace).
2020-01-24 18:31:31.277  INFO 22552 --- [main] com.datastax.driver.core.ClockFactory    : Using java.lang.System clock to generate timestamps.
2020-01-24 18:31:31.562  INFO 22552 --- [main] com.datastax.driver.core.NettyUtil       : Did not find Netty's native epoll transport in the classpath, defaulting to NIO.
2020-01-24 18:31:33.087  WARN 22552 --- [main] com.datastax.driver.core.Cluster         : You listed localhost/0:0:0:0:0:0:0:1:9042 in your contact points, but it wasn't found in the control host's system.peers at startup
2020-01-24 18:31:33.155  WARN 22552 --- [main] licationStrategy$NetworkTopologyStrategy : Error while computing token map for keyspace demodb with datacenter datacenter1: could not achieve replication factor 3 (found 1 replicas only), check your keyspace replication settings.
2020-01-24 18:31:33.157  INFO 22552 --- [main] c.d.d.c.p.DCAwareRoundRobinPolicy        : Using data-center name 'datacenter1' for DCAwareRoundRobinPolicy (if this is incorrect, please provide the correct datacenter name with DCAwareRoundRobinPolicy constructor)
2020-01-24 18:31:33.158  INFO 22552 --- [main] com.datastax.driver.core.Cluster         : New Cassandra host localhost/127.0.0.1:9042 added
2020-01-24 18:31:33.580  INFO 22552 --- [main] o.s.s.concurrent.ThreadPoolTaskExecutor  : Initializing ExecutorService 'applicationTaskExecutor'
2020-01-24 18:31:33.638  INFO 22552 --- [main] o.s.b.a.w.s.WelcomePageHandlerMapping    : Adding welcome page template: index
2020-01-24 18:31:33.887  INFO 22552 --- [main] o.a.k.clients.admin.AdminClientConfig    : AdminClientConfig values: 
	bootstrap.servers = [localhost:9092]
	client.dns.lookup = default
	client.id = 
	connections.max.idle.ms = 300000
	metadata.max.age.ms = 300000
	metric.reporters = []
	metrics.num.samples = 2
	metrics.recording.level = INFO
	metrics.sample.window.ms = 30000
	receive.buffer.bytes = 65536
	reconnect.backoff.max.ms = 1000
	reconnect.backoff.ms = 50
	request.timeout.ms = 120000
	retries = 5
	retry.backoff.ms = 100
	sasl.client.callback.handler.class = null
	sasl.jaas.config = null
	sasl.kerberos.kinit.cmd = /usr/bin/kinit
	sasl.kerberos.min.time.before.relogin = 60000
	sasl.kerberos.service.name = null
	sasl.kerberos.ticket.renew.jitter = 0.05
	sasl.kerberos.ticket.renew.window.factor = 0.8
	sasl.login.callback.handler.class = null
	sasl.login.class = null
	sasl.login.refresh.buffer.seconds = 300
	sasl.login.refresh.min.period.seconds = 60
	sasl.login.refresh.window.factor = 0.8
	sasl.login.refresh.window.jitter = 0.05
	sasl.mechanism = GSSAPI
	security.protocol = PLAINTEXT
	send.buffer.bytes = 131072
	ssl.cipher.suites = null
	ssl.enabled.protocols = [TLSv1.2, TLSv1.1, TLSv1]
	ssl.endpoint.identification.algorithm = https
	ssl.key.password = null
	ssl.keymanager.algorithm = SunX509
	ssl.keystore.location = null
	ssl.keystore.password = null
	ssl.keystore.type = JKS
	ssl.protocol = TLS
	ssl.provider = null
	ssl.secure.random.implementation = null
	ssl.trustmanager.algorithm = PKIX
	ssl.truststore.location = null
	ssl.truststore.password = null
	ssl.truststore.type = JKS

2020-01-24 18:31:33.934  INFO 22552 --- [main] o.a.kafka.common.utils.AppInfoParser     : Kafka version: 2.3.1
2020-01-24 18:31:33.934  INFO 22552 --- [main] o.a.kafka.common.utils.AppInfoParser     : Kafka commitId: 18a913733fb71c01
2020-01-24 18:31:33.934  INFO 22552 --- [main] o.a.kafka.common.utils.AppInfoParser     : Kafka startTimeMs: 1579858293932
2020-01-24 18:31:34.257  INFO 22552 --- [main] o.a.k.clients.consumer.ConsumerConfig    : ConsumerConfig values: 
	allow.auto.create.topics = true
	auto.commit.interval.ms = 5000
	auto.offset.reset = earliest
	bootstrap.servers = [localhost:9092]
	check.crcs = true
	client.dns.lookup = default
	client.id = 
	client.rack = 
	connections.max.idle.ms = 540000
	default.api.timeout.ms = 60000
	enable.auto.commit = false
	exclude.internal.topics = true
	fetch.max.bytes = 52428800
	fetch.max.wait.ms = 500
	fetch.min.bytes = 1
	group.id = group_id
	group.instance.id = null
	heartbeat.interval.ms = 3000
	interceptor.classes = []
	internal.leave.group.on.close = true
	isolation.level = read_uncommitted
	key.deserializer = class org.apache.kafka.common.serialization.StringDeserializer
	max.partition.fetch.bytes = 1048576
	max.poll.interval.ms = 300000
	max.poll.records = 500
	metadata.max.age.ms = 300000
	metric.reporters = []
	metrics.num.samples = 2
	metrics.recording.level = INFO
	metrics.sample.window.ms = 30000
	partition.assignment.strategy = [class org.apache.kafka.clients.consumer.RangeAssignor]
	receive.buffer.bytes = 65536
	reconnect.backoff.max.ms = 1000
	reconnect.backoff.ms = 50
	request.timeout.ms = 30000
	retry.backoff.ms = 100
	sasl.client.callback.handler.class = null
	sasl.jaas.config = null
	sasl.kerberos.kinit.cmd = /usr/bin/kinit
	sasl.kerberos.min.time.before.relogin = 60000
	sasl.kerberos.service.name = null
	sasl.kerberos.ticket.renew.jitter = 0.05
	sasl.kerberos.ticket.renew.window.factor = 0.8
	sasl.login.callback.handler.class = null
	sasl.login.class = null
	sasl.login.refresh.buffer.seconds = 300
	sasl.login.refresh.min.period.seconds = 60
	sasl.login.refresh.window.factor = 0.8
	sasl.login.refresh.window.jitter = 0.05
	sasl.mechanism = GSSAPI
	security.protocol = PLAINTEXT
	send.buffer.bytes = 131072
	session.timeout.ms = 10000
	ssl.cipher.suites = null
	ssl.enabled.protocols = [TLSv1.2, TLSv1.1, TLSv1]
	ssl.endpoint.identification.algorithm = https
	ssl.key.password = null
	ssl.keymanager.algorithm = SunX509
	ssl.keystore.location = null
	ssl.keystore.password = null
	ssl.keystore.type = JKS
	ssl.protocol = TLS
	ssl.provider = null
	ssl.secure.random.implementation = null
	ssl.trustmanager.algorithm = PKIX
	ssl.truststore.location = null
	ssl.truststore.password = null
	ssl.truststore.type = JKS
	value.deserializer = class org.springframework.kafka.support.serializer.JsonDeserializer

2020-01-24 18:31:34.310  INFO 22552 --- [main] o.a.kafka.common.utils.AppInfoParser     : Kafka version: 2.3.1
2020-01-24 18:31:34.310  INFO 22552 --- [main] o.a.kafka.common.utils.AppInfoParser     : Kafka commitId: 18a913733fb71c01
2020-01-24 18:31:34.310  INFO 22552 --- [main] o.a.kafka.common.utils.AppInfoParser     : Kafka startTimeMs: 1579858294310
2020-01-24 18:31:34.312  INFO 22552 --- [main] o.a.k.clients.consumer.KafkaConsumer     : [Consumer clientId=consumer-1, groupId=group_id] Subscribed to topic(s): hotdeal
2020-01-24 18:31:34.314  INFO 22552 --- [main] o.s.s.c.ThreadPoolTaskScheduler          : Initializing ExecutorService
2020-01-24 18:31:34.343  INFO 22552 --- [org.springframework.kafka.KafkaListenerEndpointContainer#0-0-C-1] org.apache.kafka.clients.Metadata        : [Consumer clientId=consumer-1, groupId=group_id] Cluster ID: 0D8vRnHtRKK8aPPRyO5Ysg
2020-01-24 18:31:34.345  INFO 22552 --- [org.springframework.kafka.KafkaListenerEndpointContainer#0-0-C-1] o.a.k.c.c.internals.AbstractCoordinator  : [Consumer clientId=consumer-1, groupId=group_id] Discovered group coordinator DESKTOP-8EQSHKC:9092 (id: 2147483647 rack: null)
2020-01-24 18:31:34.348  INFO 22552 --- [org.springframework.kafka.KafkaListenerEndpointContainer#0-0-C-1] o.a.k.c.c.internals.ConsumerCoordinator  : [Consumer clientId=consumer-1, groupId=group_id] Revoking previously assigned partitions []
2020-01-24 18:31:34.350  INFO 22552 --- [org.springframework.kafka.KafkaListenerEndpointContainer#0-0-C-1] o.s.k.l.KafkaMessageListenerContainer    : group_id: partitions revoked: []
2020-01-24 18:31:34.350  INFO 22552 --- [org.springframework.kafka.KafkaListenerEndpointContainer#0-0-C-1] o.a.k.c.c.internals.AbstractCoordinator  : [Consumer clientId=consumer-1, groupId=group_id] (Re-)joining group
2020-01-24 18:31:34.361  INFO 22552 --- [main] o.s.b.w.embedded.tomcat.TomcatWebServer  : Tomcat started on port(s): 8080 (http) with context path ''
2020-01-24 18:31:34.365  INFO 22552 --- [main] com.garage.poc.HotdealeventApplication   : Started HotdealeventApplication in 4.625 seconds (JVM running for 5.9)
2020-01-24 18:31:34.366  INFO 22552 --- [org.springframework.kafka.KafkaListenerEndpointContainer#0-0-C-1] o.a.k.c.c.internals.AbstractCoordinator  : [Consumer clientId=consumer-1, groupId=group_id] (Re-)joining group
2020-01-24 18:31:34.381  INFO 22552 --- [org.springframework.kafka.KafkaListenerEndpointContainer#0-0-C-1] o.a.k.c.c.internals.AbstractCoordinator  : [Consumer clientId=consumer-1, groupId=group_id] Successfully joined group with generation 29
2020-01-24 18:31:34.388  INFO 22552 --- [org.springframework.kafka.KafkaListenerEndpointContainer#0-0-C-1] o.a.k.c.c.internals.ConsumerCoordinator  : [Consumer clientId=consumer-1, groupId=group_id] Setting newly assigned partitions: hotdeal-0
2020-01-24 18:31:34.400  INFO 22552 --- [org.springframework.kafka.KafkaListenerEndpointContainer#0-0-C-1] o.a.k.c.c.internals.ConsumerCoordinator  : [Consumer clientId=consumer-1, groupId=group_id] Setting offset for partition hotdeal-0 to the committed offset FetchPosition{offset=0, offsetEpoch=Optional.empty, currentLeader=LeaderAndEpoch{leader=DESKTOP-8EQSHKC:9092 (id: 0 rack: null), epoch=0}}
2020-01-24 18:31:34.411  INFO 22552 --- [org.springframework.kafka.KafkaListenerEndpointContainer#0-0-C-1] o.s.k.l.KafkaMessageListenerContainer    : group_id: partitions assigned: [hotdeal-0]
2020-01-24 18:31:35.298  INFO 22552 --- [http-nio-8080-exec-1] o.a.c.c.C.[Tomcat].[localhost].[/]       : Initializing Spring DispatcherServlet 'dispatcherServlet'
2020-01-24 18:31:35.298  INFO 22552 --- [http-nio-8080-exec-1] o.s.web.servlet.DispatcherServlet        : Initializing Servlet 'dispatcherServlet'
2020-01-24 18:31:35.305  INFO 22552 --- [http-nio-8080-exec-1] o.s.web.servlet.DispatcherServlet        : Completed initialization in 7 ms
2020-01-24 18:31:35.347  INFO 22552 --- [http-nio-8080-exec-1] c.g.p.controller.HotdealEventController  : ModelAndView [view="index"; model={msg=total: 55}]
2020-01-24 18:31:38.948  INFO 22552 --- [http-nio-8080-exec-6] c.g.poc.controller.CassandraController   : >>>>>>> [test] Customer{01012345678 eventId=20010900
2020-01-24 18:31:52.025  INFO 22552 --- [http-nio-8080-exec-7] c.g.poc.controller.CassandraController   : >>>>>>> [test] Customer{01012345678 eventId=20010900
2020-01-24 20:32:03.752  INFO 22552 --- [http-nio-8080-exec-1] c.g.poc.controller.CassandraController   : >>>>>>> [test] Customer{01012345678 eventId=20010900
